<?xml version="1.0" encoding="utf-8"?><testsuites name="pytest tests"><testsuite name="pytest" errors="0" failures="0" skipped="0" tests="19" time="3.325" timestamp="2026-05-26T13:10:09.050416+00:00" hostname="agent-env-17ae7c46-a636-4a7b-a7d2-1d92c38b30c0"><testcase classname="backend.tests.backend_test.TestAuth" name="test_login_admin" time="0.353" /><testcase classname="backend.tests.backend_test.TestAuth" name="test_login_invalid" time="0.335" /><testcase classname="backend.tests.backend_test.TestAuth" name="test_me_unauth" time="0.132" /><testcase classname="backend.tests.backend_test.TestAuth" name="test_me_authed" time="0.451" /><testcase classname="backend.tests.backend_test.TestAuth" name="test_logout" time="0.436" /><testcase classname="backend.tests.backend_test.TestCustomers" name="test_create_customer" time="0.059" /><testcase classname="backend.tests.backend_test.TestCustomers" name="test_get_customers" time="0.051" /><testcase classname="backend.tests.backend_test.TestCustomers" name="test_update_customer" time="0.068" /><testcase classname="backend.tests.backend_test.TestCustomers" name="test_delete_customer_staff_forbidden" time="0.422" /><testcase classname="backend.tests.backend_test.TestCustomers" name="test_delete_customer_admin" time="0.054" /><testcase classname="backend.tests.backend_test.TestEntries" name="test_setup_customer" time="0.104" /><testcase classname="backend.tests.backend_test.TestEntries" name="test_create_entry" time="0.063" /><testcase classname="backend.tests.backend_test.TestEntries" name="test_get_entries_filter" time="0.052" /><testcase classname="backend.tests.backend_test.TestEntries" name="test_update_entry" time="0.052" /><testcase classname="backend.tests.backend_test.TestEntries" name="test_delete_entry" time="0.122" /><testcase classname="backend.tests.backend_test.TestAnalytics" name="test_dashboard" time="0.057" /><testcase classname="backend.tests.backend_test.TestAnalytics" name="test_charts" time="0.055" /><testcase classname="backend.tests.backend_test.TestPayments" name="test_create_and_list_payment" time="0.213" /><testcase classname="backend.tests.backend_test.TestPayments" name="test_pending_payments" time="0.057" /></testsuite></testsuites>